\BOOKMARK [0][-]{section*.2}{List\040of\040Abbreviations}{}% 1
\BOOKMARK [0][-]{chapter.1}{Methodology}{}% 2
\BOOKMARK [1][-]{section.1.1}{Introduction}{chapter.1}% 3
\BOOKMARK [1][-]{section.1.2}{General\040Method\040for\040Process\040Analysis\040and\040Evaluation}{chapter.1}% 4
\BOOKMARK [2][-]{subsection.1.2.1}{General\040Methodology}{section.1.2}% 5
\BOOKMARK [2][-]{subsection.1.2.2}{Process\040Variables}{section.1.2}% 6
\BOOKMARK [1][-]{section.1.3}{User-Defined\040Weights\040and\040Score\040Calculation}{chapter.1}% 7
\BOOKMARK [2][-]{subsection.1.3.1}{Local\040Rating\040and\040Global\040Score}{section.1.3}% 8
\BOOKMARK [2][-]{subsection.1.3.2}{Local\040Rating\040Calculation}{section.1.3}% 9
\BOOKMARK [2][-]{subsection.1.3.3}{Information\040Extraction\040form\040Time-Series\040Data}{section.1.3}% 10
\BOOKMARK [1][-]{section.1.4}{Information\040from\040Angular\040Position}{chapter.1}% 11
\BOOKMARK [2][-]{subsection.1.4.1}{Total\040Joint\040Travel\040and\040Direction\040Changes}{section.1.4}% 12
\BOOKMARK [2][-]{subsection.1.4.2}{Rotation\040Limits}{section.1.4}% 13
\BOOKMARK [2][-]{subsection.1.4.3}{Velocity,\040Acceleration\040and\040Jerk\040of\040the\040Joints}{section.1.4}% 14
\BOOKMARK [2][-]{subsection.1.4.4}{Continuous\040Energy\040Usage}{section.1.4}% 15
\BOOKMARK [2][-]{subsection.1.4.5}{Total\040Energy\040Usage}{section.1.4}% 16
\BOOKMARK [1][-]{section.1.5}{Reach,\040Singularities\040and\040Torch\040Orientation}{chapter.1}% 17
\BOOKMARK [2][-]{subsection.1.5.1}{Reach\040and\040Alignment}{section.1.5}% 18
\BOOKMARK [2][-]{subsection.1.5.2}{Singularities}{section.1.5}% 19
\BOOKMARK [2][-]{subsection.1.5.3}{Torch\040Orientation\040in\040WAAM}{section.1.5}% 20
\BOOKMARK [1][-]{section.1.6}{Summary\040for\040Boundary\040Condition\040Evaluation}{chapter.1}% 21
\BOOKMARK [1][-]{section.1.7}{General\040Methodology\040for\040Process\040Optimization}{chapter.1}% 22
\BOOKMARK [2][-]{subsection.1.7.1}{Optimization\040Without\040CAM\040Software\040in\040the\040Loop}{section.1.7}% 23
\BOOKMARK [2][-]{subsection.1.7.2}{Optimization\040Loop\040With\040CAM\040Software\040in\040the\040Loop}{section.1.7}% 24
\BOOKMARK [0][-]{chapter*.32}{Bibliography}{}% 25
